This file contains any messages produced by compilers while
running configure, to aid debugging if configure makes a mistake.

It was created by https-example configure 0.1, which was
generated by GNU Autoconf 2.69.  Invocation command line was

  $ ./configure 

## --------- ##
## Platform. ##
## --------- ##

hostname = dl
uname -m = x86_64
uname -r = 4.15.0-36-generic
uname -s = Linux
uname -v = #39~16.04.1-Ubuntu SMP Tue Sep 25 08:59:23 UTC 2018

/usr/bin/uname -p = unknown
/bin/uname -X     = unknown

/bin/arch              = unknown
/usr/bin/arch -k       = unknown
/usr/convex/getsysinfo = unknown
/usr/bin/hostinfo      = unknown
/bin/machine           = unknown
/usr/bin/oslevel       = unknown
/bin/universe          = unknown

PATH: /home/dl/.sdkman/candidates/kotlin/current/bin
PATH: /home/dl/bin
PATH: /home/dl/.local/bin
PATH: /usr/local/sbin
PATH: /usr/local/bin
PATH: /usr/sbin
PATH: /usr/bin
PATH: /sbin
PATH: /bin
PATH: /usr/games
PATH: /usr/local/games
PATH: /snap/bin
PATH: /usr/lib/jvm/java-8-oracle/bin
PATH: /usr/lib/jvm/java-8-oracle/db/bin
PATH: /usr/lib/jvm/java-8-oracle/jre/bin
PATH: /home/dl/swift/usr/bin/
PATH: /home/dl/swift/usr/bin/


## ----------- ##
## Core tests. ##
## ----------- ##

configure:2244: checking for gcc
configure:2260: found /usr/bin/gcc
configure:2271: result: gcc
configure:2500: checking for C compiler version
configure:2509: gcc --version >&5
gcc (Ubuntu 5.4.0-6ubuntu1~16.04.10) 5.4.0 20160609
Copyright (C) 2015 Free Software Foundation, Inc.
This is free software; see the source for copying conditions.  There is NO
warranty; not even for MERCHANTABILITY or FITNESS FOR A PARTICULAR PURPOSE.

configure:2520: $? = 0
configure:2509: gcc -v >&5
Using built-in specs.
COLLECT_GCC=gcc
COLLECT_LTO_WRAPPER=/usr/lib/gcc/x86_64-linux-gnu/5/lto-wrapper
Target: x86_64-linux-gnu
Configured with: ../src/configure -v --with-pkgversion='Ubuntu 5.4.0-6ubuntu1~16.04.10' --with-bugurl=file:///usr/share/doc/gcc-5/README.Bugs --enable-languages=c,ada,c++,java,go,d,fortran,objc,obj-c++ --prefix=/usr --program-suffix=-5 --enable-shared --enable-linker-build-id --libexecdir=/usr/lib --without-included-gettext --enable-threads=posix --libdir=/usr/lib --enable-nls --with-sysroot=/ --enable-clocale=gnu --enable-libstdcxx-debug --enable-libstdcxx-time=yes --with-default-libstdcxx-abi=new --enable-gnu-unique-object --disable-vtable-verify --enable-libmpx --enable-plugin --with-system-zlib --disable-browser-plugin --enable-java-awt=gtk --enable-gtk-cairo --with-java-home=/usr/lib/jvm/java-1.5.0-gcj-5-amd64/jre --enable-java-home --with-jvm-root-dir=/usr/lib/jvm/java-1.5.0-gcj-5-amd64 --with-jvm-jar-dir=/usr/lib/jvm-exports/java-1.5.0-gcj-5-amd64 --with-arch-directory=amd64 --with-ecj-jar=/usr/share/java/eclipse-ecj.jar --enable-objc-gc --enable-multiarch --disable-werror --with-arch-32=i686 --with-abi=m64 --with-multilib-list=m32,m64,mx32 --enable-multilib --with-tune=generic --enable-checking=release --build=x86_64-linux-gnu --host=x86_64-linux-gnu --target=x86_64-linux-gnu
Thread model: posix
gcc version 5.4.0 20160609 (Ubuntu 5.4.0-6ubuntu1~16.04.10) 
configure:2520: $? = 0
configure:2509: gcc -V >&5
gcc: error: unrecognized command line option '-V'
gcc: fatal error: no input files
compilation terminated.
configure:2520: $? = 1
configure:2509: gcc -qversion >&5
gcc: error: unrecognized command line option '-qversion'
gcc: fatal error: no input files
compilation terminated.
configure:2520: $? = 1
configure:2540: checking whether the C compiler works
configure:2562: gcc    conftest.c  >&5
configure:2566: $? = 0
configure:2614: result: yes
configure:2617: checking for C compiler default output file name
configure:2619: result: a.out
configure:2625: checking for suffix of executables
configure:2632: gcc -o conftest    conftest.c  >&5
configure:2636: $? = 0
configure:2658: result: 
configure:2680: checking whether we are cross compiling
configure:2688: gcc -o conftest    conftest.c  >&5
configure:2692: $? = 0
configure:2699: ./conftest
configure:2703: $? = 0
configure:2718: result: no
configure:2723: checking for suffix of object files
configure:2745: gcc -c   conftest.c >&5
configure:2749: $? = 0
configure:2770: result: o
configure:2774: checking whether we are using the GNU C compiler
configure:2793: gcc -c   conftest.c >&5
configure:2793: $? = 0
configure:2802: result: yes
configure:2811: checking whether gcc accepts -g
configure:2831: gcc -c -g  conftest.c >&5
configure:2831: $? = 0
configure:2872: result: yes
configure:2889: checking for gcc option to accept ISO C89
configure:2952: gcc  -c -g -O2  conftest.c >&5
configure:2952: $? = 0
configure:2965: result: none needed
configure:2993: checking whether gcc understands -c and -o together
configure:3015: gcc -c conftest.c -o conftest2.o
configure:3018: $? = 0
configure:3015: gcc -c conftest.c -o conftest2.o
configure:3018: $? = 0
configure:3030: result: yes
configure:3079: checking build system type
configure:3093: result: x86_64-pc-linux-gnu
configure:3113: checking host system type
configure:3126: result: x86_64-pc-linux-gnu
configure:3167: checking how to print strings
configure:3194: result: printf
configure:3215: checking for a sed that does not truncate output
configure:3279: result: /bin/sed
configure:3297: checking for grep that handles long lines and -e
configure:3355: result: /bin/grep
configure:3360: checking for egrep
configure:3422: result: /bin/grep -E
configure:3427: checking for fgrep
configure:3489: result: /bin/grep -F
configure:3524: checking for ld used by gcc
configure:3591: result: /usr/bin/ld
configure:3598: checking if the linker (/usr/bin/ld) is GNU ld
configure:3613: result: yes
configure:3625: checking for BSD- or MS-compatible name lister (nm)
configure:3679: result: /usr/bin/nm -B
configure:3809: checking the name lister (/usr/bin/nm -B) interface
configure:3816: gcc -c -g -O0  conftest.c >&5
configure:3819: /usr/bin/nm -B "conftest.o"
configure:3822: output
0000000000000000 B some_variable
configure:3829: result: BSD nm
configure:3832: checking whether ln -s works
configure:3836: result: yes
configure:3844: checking the maximum length of command line arguments
configure:3975: result: 1572864
configure:4023: checking how to convert x86_64-pc-linux-gnu file names to x86_64-pc-linux-gnu format
configure:4063: result: func_convert_file_noop
configure:4070: checking how to convert x86_64-pc-linux-gnu file names to toolchain format
configure:4090: result: func_convert_file_noop
configure:4097: checking for /usr/bin/ld option to reload object files
configure:4104: result: -r
configure:4178: checking for objdump
configure:4194: found /usr/bin/objdump
configure:4205: result: objdump
configure:4237: checking how to recognize dependent libraries
configure:4437: result: pass_all
configure:4522: checking for dlltool
configure:4552: result: no
configure:4582: checking how to associate runtime and link libraries
configure:4609: result: printf %s\n
configure:4670: checking for ar
configure:4686: found /usr/bin/ar
configure:4697: result: ar
configure:4734: checking for archiver @FILE support
configure:4751: gcc -c -g -O0  conftest.c >&5
configure:4751: $? = 0
configure:4754: ar cru libconftest.a @conftest.lst >&5
ar: `u' modifier ignored since `D' is the default (see `U')
configure:4757: $? = 0
configure:4762: ar cru libconftest.a @conftest.lst >&5
ar: `u' modifier ignored since `D' is the default (see `U')
ar: conftest.o: No such file or directory
configure:4765: $? = 1
configure:4777: result: @
configure:4835: checking for strip
configure:4851: found /usr/bin/strip
configure:4862: result: strip
configure:4934: checking for ranlib
configure:4950: found /usr/bin/ranlib
configure:4961: result: ranlib
configure:5038: checking for gawk
configure:5054: found /usr/bin/gawk
configure:5065: result: gawk
configure:5105: checking command to parse /usr/bin/nm -B output from gcc object
configure:5258: gcc -c -g -O0  conftest.c >&5
configure:5261: $? = 0
configure:5265: /usr/bin/nm -B conftest.o \| sed -n -e 's/^.*[ ]\([ABCDGIRSTW][ABCDGIRSTW]*\)[ ][ ]*\([_A-Za-z][_A-Za-z0-9]*\)$/\1 \2 \2/p' | sed '/ __gnu_lto/d' \> conftest.nm
configure:5268: $? = 0
configure:5334: gcc -o conftest -g -O0   conftest.c conftstm.o >&5
configure:5337: $? = 0
configure:5375: result: ok
configure:5422: checking for sysroot
configure:5452: result: no
configure:5459: checking for a working dd
configure:5497: result: /bin/dd
configure:5501: checking how to truncate binary pipes
configure:5516: result: /bin/dd bs=4096 count=1
configure:5652: gcc -c -g -O0  conftest.c >&5
configure:5655: $? = 0
configure:5845: checking for mt
configure:5861: found /bin/mt
configure:5872: result: mt
configure:5895: checking if mt is a manifest tool
configure:5901: mt '-?'
configure:5909: result: no
configure:6586: checking how to run the C preprocessor
configure:6617: gcc -E  conftest.c
configure:6617: $? = 0
configure:6631: gcc -E  conftest.c
conftest.c:9:28: fatal error: ac_nonexistent.h: No such file or directory
compilation terminated.
configure:6631: $? = 1
configure: failed program was:
| /* confdefs.h */
| #define PACKAGE_NAME "https-example"
| #define PACKAGE_TARNAME "https-example"
| #define PACKAGE_VERSION "0.1"
| #define PACKAGE_STRING "https-example 0.1"
| #define PACKAGE_BUGREPORT "ppelletier@oblong.com"
| #define PACKAGE_URL ""
| /* end confdefs.h.  */
| #include <ac_nonexistent.h>
configure:6656: result: gcc -E
configure:6676: gcc -E  conftest.c
configure:6676: $? = 0
configure:6690: gcc -E  conftest.c
conftest.c:9:28: fatal error: ac_nonexistent.h: No such file or directory
compilation terminated.
configure:6690: $? = 1
configure: failed program was:
| /* confdefs.h */
| #define PACKAGE_NAME "https-example"
| #define PACKAGE_TARNAME "https-example"
| #define PACKAGE_VERSION "0.1"
| #define PACKAGE_STRING "https-example 0.1"
| #define PACKAGE_BUGREPORT "ppelletier@oblong.com"
| #define PACKAGE_URL ""
| /* end confdefs.h.  */
| #include <ac_nonexistent.h>
configure:6719: checking for ANSI C header files
configure:6739: gcc -c -g -O0  conftest.c >&5
configure:6739: $? = 0
configure:6812: gcc -o conftest -g -O0   conftest.c  >&5
configure:6812: $? = 0
configure:6812: ./conftest
configure:6812: $? = 0
configure:6823: result: yes
configure:6836: checking for sys/types.h
configure:6836: gcc -c -g -O0  conftest.c >&5
configure:6836: $? = 0
configure:6836: result: yes
configure:6836: checking for sys/stat.h
configure:6836: gcc -c -g -O0  conftest.c >&5
configure:6836: $? = 0
configure:6836: result: yes
configure:6836: checking for stdlib.h
configure:6836: gcc -c -g -O0  conftest.c >&5
configure:6836: $? = 0
configure:6836: result: yes
configure:6836: checking for string.h
configure:6836: gcc -c -g -O0  conftest.c >&5
configure:6836: $? = 0
configure:6836: result: yes
configure:6836: checking for memory.h
configure:6836: gcc -c -g -O0  conftest.c >&5
configure:6836: $? = 0
configure:6836: result: yes
configure:6836: checking for strings.h
configure:6836: gcc -c -g -O0  conftest.c >&5
configure:6836: $? = 0
configure:6836: result: yes
configure:6836: checking for inttypes.h
configure:6836: gcc -c -g -O0  conftest.c >&5
configure:6836: $? = 0
configure:6836: result: yes
configure:6836: checking for stdint.h
configure:6836: gcc -c -g -O0  conftest.c >&5
configure:6836: $? = 0
configure:6836: result: yes
configure:6836: checking for unistd.h
configure:6836: gcc -c -g -O0  conftest.c >&5
configure:6836: $? = 0
configure:6836: result: yes
configure:6850: checking for dlfcn.h
configure:6850: gcc -c -g -O0  conftest.c >&5
configure:6850: $? = 0
configure:6850: result: yes
configure:7106: checking for objdir
configure:7121: result: .libs
configure:7385: checking if gcc supports -fno-rtti -fno-exceptions
configure:7403: gcc -c -g -O0  -fno-rtti -fno-exceptions conftest.c >&5
cc1: warning: command line option '-fno-rtti' is valid for C++/ObjC++ but not for C
configure:7407: $? = 0
configure:7420: result: no
configure:7778: checking for gcc option to produce PIC
configure:7785: result: -fPIC -DPIC
configure:7793: checking if gcc PIC flag -fPIC -DPIC works
configure:7811: gcc -c -g -O0  -fPIC -DPIC -DPIC conftest.c >&5
configure:7815: $? = 0
configure:7828: result: yes
configure:7857: checking if gcc static flag -static works
configure:7885: result: yes
configure:7900: checking if gcc supports -c -o file.o
configure:7921: gcc -c -g -O0  -o out/conftest2.o conftest.c >&5
configure:7925: $? = 0
configure:7947: result: yes
configure:7955: checking if gcc supports -c -o file.o
configure:8002: result: yes
configure:8035: checking whether the gcc linker (/usr/bin/ld -m elf_x86_64) supports shared libraries
configure:9298: result: yes
configure:9335: checking whether -lc should be explicitly linked in
configure:9343: gcc -c -g -O0  conftest.c >&5
configure:9346: $? = 0
configure:9361: gcc -shared  -fPIC -DPIC conftest.o  -v -Wl,-soname -Wl,conftest -o conftest 2\>\&1 \| /bin/grep  -lc  \>/dev/null 2\>\&1
configure:9364: $? = 0
configure:9378: result: no
configure:9538: checking dynamic linker characteristics
configure:10119: gcc -o conftest -g -O0   -Wl,-rpath -Wl,/foo conftest.c  >&5
configure:10119: $? = 0
configure:10368: result: GNU/Linux ld.so
configure:10490: checking how to hardcode library paths into programs
configure:10515: result: immediate
configure:11063: checking whether stripping libraries is possible
configure:11068: result: yes
configure:11103: checking if libtool supports shared libraries
configure:11105: result: yes
configure:11108: checking whether to build shared libraries
configure:11133: result: yes
configure:11136: checking whether to build static libraries
configure:11140: result: yes
configure:11203: checking for a BSD-compatible install
configure:11271: result: /usr/bin/install -c
configure:11282: checking whether build environment is sane
configure:11337: result: yes
configure:11485: checking for a thread-safe mkdir -p
configure:11524: result: /bin/mkdir -p
configure:11527: checking whether make sets $(MAKE)
configure:11549: result: yes
configure:11579: checking for style of include used by make
configure:11607: result: GNU
configure:11641: checking whether make supports nested variables
configure:11658: result: yes
configure:11743: checking dependency style of gcc
configure:11854: result: gcc3
configure:11924: checking whether make supports nested variables
configure:11941: result: yes
configure:11975: checking for pkg-config
configure:11993: found /usr/bin/pkg-config
configure:12005: result: /usr/bin/pkg-config
configure:12061: checking whether compiling and linking against OpenSSL works
Trying link with OPENSSL_LDFLAGS=; OPENSSL_LIBS=-lssl -lcrypto; OPENSSL_INCLUDES=
configure:12083: gcc -o conftest -g -O0     conftest.c -lssl -lcrypto  >&5
configure:12083: $? = 0
configure:12085: result: yes
configure:12217: checking pkg-config is at least version 0.9.0
configure:12220: result: yes
configure:12230: checking for LIBEVENT
configure:12239: $PKG_CONFIG --exists --print-errors "libevent >= 2.1.2
                               libevent_pthreads >= 2.1.2
                               libevent_openssl >= 2.1.2"
configure:12244: $? = 0
configure:12262: $PKG_CONFIG --exists --print-errors "libevent >= 2.1.2
                               libevent_pthreads >= 2.1.2
                               libevent_openssl >= 2.1.2"
configure:12267: $? = 0
configure:12333: result: yes
configure:12493: checking that generated files are newer than configure
configure:12499: result: done
configure:12522: creating ./config.status

## ---------------------- ##
## Running config.status. ##
## ---------------------- ##

This file was extended by https-example config.status 0.1, which was
generated by GNU Autoconf 2.69.  Invocation command line was

  CONFIG_FILES    = 
  CONFIG_HEADERS  = 
  CONFIG_LINKS    = 
  CONFIG_COMMANDS = 
  $ ./config.status 

on dl

config.status:1017: creating Makefile
config.status:1189: executing libtool commands
config.status:1189: executing depfiles commands

## ---------------- ##
## Cache variables. ##
## ---------------- ##

ac_cv_build=x86_64-pc-linux-gnu
ac_cv_c_compiler_gnu=yes
ac_cv_env_CC_set=
ac_cv_env_CC_value=
ac_cv_env_CFLAGS_set=
ac_cv_env_CFLAGS_value=
ac_cv_env_CPPFLAGS_set=
ac_cv_env_CPPFLAGS_value=
ac_cv_env_CPP_set=
ac_cv_env_CPP_value=
ac_cv_env_LDFLAGS_set=
ac_cv_env_LDFLAGS_value=
ac_cv_env_LIBEVENT_CFLAGS_set=
ac_cv_env_LIBEVENT_CFLAGS_value=
ac_cv_env_LIBEVENT_LIBS_set=
ac_cv_env_LIBEVENT_LIBS_value=
ac_cv_env_LIBS_set=
ac_cv_env_LIBS_value=
ac_cv_env_LT_SYS_LIBRARY_PATH_set=
ac_cv_env_LT_SYS_LIBRARY_PATH_value=
ac_cv_env_PKG_CONFIG_LIBDIR_set=
ac_cv_env_PKG_CONFIG_LIBDIR_value=
ac_cv_env_PKG_CONFIG_PATH_set=
ac_cv_env_PKG_CONFIG_PATH_value=
ac_cv_env_PKG_CONFIG_set=
ac_cv_env_PKG_CONFIG_value=
ac_cv_env_build_alias_set=
ac_cv_env_build_alias_value=
ac_cv_env_host_alias_set=
ac_cv_env_host_alias_value=
ac_cv_env_target_alias_set=
ac_cv_env_target_alias_value=
ac_cv_header_dlfcn_h=yes
ac_cv_header_inttypes_h=yes
ac_cv_header_memory_h=yes
ac_cv_header_stdc=yes
ac_cv_header_stdint_h=yes
ac_cv_header_stdlib_h=yes
ac_cv_header_string_h=yes
ac_cv_header_strings_h=yes
ac_cv_header_sys_stat_h=yes
ac_cv_header_sys_types_h=yes
ac_cv_header_unistd_h=yes
ac_cv_host=x86_64-pc-linux-gnu
ac_cv_objext=o
ac_cv_path_EGREP='/bin/grep -E'
ac_cv_path_FGREP='/bin/grep -F'
ac_cv_path_GREP=/bin/grep
ac_cv_path_PKG_CONFIG=/usr/bin/pkg-config
ac_cv_path_SED=/bin/sed
ac_cv_path_install='/usr/bin/install -c'
ac_cv_path_lt_DD=/bin/dd
ac_cv_path_mkdir=/bin/mkdir
ac_cv_prog_AWK=gawk
ac_cv_prog_CPP='gcc -E'
ac_cv_prog_ac_ct_AR=ar
ac_cv_prog_ac_ct_CC=gcc
ac_cv_prog_ac_ct_MANIFEST_TOOL=mt
ac_cv_prog_ac_ct_OBJDUMP=objdump
ac_cv_prog_ac_ct_RANLIB=ranlib
ac_cv_prog_ac_ct_STRIP=strip
ac_cv_prog_cc_c89=
ac_cv_prog_cc_g=yes
ac_cv_prog_make_make_set=yes
am_cv_CC_dependencies_compiler_type=gcc3
am_cv_make_support_nested_variables=yes
am_cv_prog_cc_c_o=yes
lt_cv_ar_at_file=@
lt_cv_archive_cmds_need_lc=no
lt_cv_deplibs_check_method=pass_all
lt_cv_file_magic_cmd='$MAGIC_CMD'
lt_cv_file_magic_test_file=
lt_cv_ld_reload_flag=-r
lt_cv_nm_interface='BSD nm'
lt_cv_objdir=.libs
lt_cv_path_LD=/usr/bin/ld
lt_cv_path_NM='/usr/bin/nm -B'
lt_cv_path_mainfest_tool=no
lt_cv_prog_compiler_c_o=yes
lt_cv_prog_compiler_pic='-fPIC -DPIC'
lt_cv_prog_compiler_pic_works=yes
lt_cv_prog_compiler_rtti_exceptions=no
lt_cv_prog_compiler_static_works=yes
lt_cv_prog_gnu_ld=yes
lt_cv_sharedlib_from_linklib_cmd='printf %s\n'
lt_cv_shlibpath_overrides_runpath=no
lt_cv_sys_global_symbol_pipe='sed -n -e '\''s/^.*[	 ]\([ABCDGIRSTW][ABCDGIRSTW]*\)[	 ][	 ]*\([_A-Za-z][_A-Za-z0-9]*\)$/\1 \2 \2/p'\'' | sed '\''/ __gnu_lto/d'\'''
lt_cv_sys_global_symbol_to_c_name_address='sed -n -e '\''s/^: \(.*\) .*$/  {"\1", (void *) 0},/p'\'' -e '\''s/^[ABCDGIRSTW][ABCDGIRSTW]* .* \(.*\)$/  {"\1", (void *) \&\1},/p'\'''
lt_cv_sys_global_symbol_to_c_name_address_lib_prefix='sed -n -e '\''s/^: \(.*\) .*$/  {"\1", (void *) 0},/p'\'' -e '\''s/^[ABCDGIRSTW][ABCDGIRSTW]* .* \(lib.*\)$/  {"\1", (void *) \&\1},/p'\'' -e '\''s/^[ABCDGIRSTW][ABCDGIRSTW]* .* \(.*\)$/  {"lib\1", (void *) \&\1},/p'\'''
lt_cv_sys_global_symbol_to_cdecl='sed -n -e '\''s/^T .* \(.*\)$/extern int \1();/p'\'' -e '\''s/^[ABCDGIRSTW][ABCDGIRSTW]* .* \(.*\)$/extern char \1;/p'\'''
lt_cv_sys_global_symbol_to_import=
lt_cv_sys_max_cmd_len=1572864
lt_cv_to_host_file_cmd=func_convert_file_noop
lt_cv_to_tool_file_cmd=func_convert_file_noop
lt_cv_truncate_bin='/bin/dd bs=4096 count=1'
pkg_cv_LIBEVENT_CFLAGS='-pthread -I/usr/local/include'
pkg_cv_LIBEVENT_LIBS='-L/usr/local/lib -levent_pthreads -levent_openssl -levent'

## ----------------- ##
## Output variables. ##
## ----------------- ##

ACLOCAL='${SHELL} /home/dl/my_github/my_room/libevent_https/build-aux/missing aclocal-1.15'
AMDEPBACKSLASH='\'
AMDEP_FALSE='#'
AMDEP_TRUE=''
AMTAR='$${TAR-tar}'
AM_BACKSLASH='\'
AM_DEFAULT_V='$(AM_DEFAULT_VERBOSITY)'
AM_DEFAULT_VERBOSITY='0'
AM_V='$(V)'
AR='ar'
AUTOCONF='${SHELL} /home/dl/my_github/my_room/libevent_https/build-aux/missing autoconf'
AUTOHEADER='${SHELL} /home/dl/my_github/my_room/libevent_https/build-aux/missing autoheader'
AUTOMAKE='${SHELL} /home/dl/my_github/my_room/libevent_https/build-aux/missing automake-1.15'
AWK='gawk'
CC='gcc'
CCDEPMODE='depmode=gcc3'
CFLAGS='-g -O0'
CPP='gcc -E'
CPPFLAGS=''
CYGPATH_W='echo'
DEFS='-DPACKAGE_NAME=\"https-example\" -DPACKAGE_TARNAME=\"https-example\" -DPACKAGE_VERSION=\"0.1\" -DPACKAGE_STRING=\"https-example\ 0.1\" -DPACKAGE_BUGREPORT=\"ppelletier@oblong.com\" -DPACKAGE_URL=\"\" -DSTDC_HEADERS=1 -DHAVE_SYS_TYPES_H=1 -DHAVE_SYS_STAT_H=1 -DHAVE_STDLIB_H=1 -DHAVE_STRING_H=1 -DHAVE_MEMORY_H=1 -DHAVE_STRINGS_H=1 -DHAVE_INTTYPES_H=1 -DHAVE_STDINT_H=1 -DHAVE_UNISTD_H=1 -DHAVE_DLFCN_H=1 -DLT_OBJDIR=\".libs/\" -DPACKAGE=\"https-example\" -DVERSION=\"0.1\"'
DEPDIR='.deps'
DLLTOOL='false'
DSYMUTIL=''
DUMPBIN=''
ECHO_C=''
ECHO_N='-n'
ECHO_T=''
EGREP='/bin/grep -E'
ENABLE_SHARED_FALSE='#'
ENABLE_SHARED_TRUE=''
EXEEXT=''
FGREP='/bin/grep -F'
GREP='/bin/grep'
INSTALL_DATA='${INSTALL} -m 644'
INSTALL_PROGRAM='${INSTALL}'
INSTALL_SCRIPT='${INSTALL}'
INSTALL_STRIP_PROGRAM='$(install_sh) -c -s'
LD='/usr/bin/ld -m elf_x86_64'
LDFLAGS=''
LIBEVENT_CFLAGS='-pthread -I/usr/local/include'
LIBEVENT_LIBS='-L/usr/local/lib -levent_pthreads -levent_openssl -levent'
LIBOBJS=''
LIBS=''
LIBTOOL='$(SHELL) $(top_builddir)/libtool'
LIPO=''
LN_S='ln -s'
LTLIBOBJS=''
LT_SYS_LIBRARY_PATH=''
MAKEINFO='${SHELL} /home/dl/my_github/my_room/libevent_https/build-aux/missing makeinfo'
MANIFEST_TOOL=':'
MKDIR_P='/bin/mkdir -p'
NM='/usr/bin/nm -B'
NMEDIT=''
OBJDUMP='objdump'
OBJEXT='o'
OPENSSL_INCLUDES=''
OPENSSL_LDFLAGS=''
OPENSSL_LIBS='-lssl -lcrypto'
OTOOL64=''
OTOOL=''
PACKAGE='https-example'
PACKAGE_BUGREPORT='ppelletier@oblong.com'
PACKAGE_NAME='https-example'
PACKAGE_STRING='https-example 0.1'
PACKAGE_TARNAME='https-example'
PACKAGE_URL=''
PACKAGE_VERSION='0.1'
PATH_SEPARATOR=':'
PKG_CONFIG='/usr/bin/pkg-config'
PKG_CONFIG_LIBDIR=''
PKG_CONFIG_PATH=''
RANLIB='ranlib'
SED='/bin/sed'
SET_MAKE=''
SHELL='/bin/bash'
STRIP='strip'
VERSION='0.1'
ac_ct_AR='ar'
ac_ct_CC='gcc'
ac_ct_DUMPBIN=''
am__EXEEXT_FALSE=''
am__EXEEXT_TRUE='#'
am__fastdepCC_FALSE='#'
am__fastdepCC_TRUE=''
am__include='include'
am__isrc=''
am__leading_dot='.'
am__nodep='_no'
am__quote=''
am__tar='$${TAR-tar} chof - "$$tardir"'
am__untar='$${TAR-tar} xf -'
bindir='${exec_prefix}/bin'
build='x86_64-pc-linux-gnu'
build_alias=''
build_cpu='x86_64'
build_os='linux-gnu'
build_vendor='pc'
datadir='${datarootdir}'
datarootdir='${prefix}/share'
docdir='${datarootdir}/doc/${PACKAGE_TARNAME}'
dvidir='${docdir}'
exec_prefix='${prefix}'
host='x86_64-pc-linux-gnu'
host_alias=''
host_cpu='x86_64'
host_os='linux-gnu'
host_vendor='pc'
htmldir='${docdir}'
includedir='${prefix}/include'
infodir='${datarootdir}/info'
install_sh='${SHELL} /home/dl/my_github/my_room/libevent_https/build-aux/install-sh'
libdir='${exec_prefix}/lib'
libexecdir='${exec_prefix}/libexec'
localedir='${datarootdir}/locale'
localstatedir='${prefix}/var'
mandir='${datarootdir}/man'
mkdir_p='$(MKDIR_P)'
oldincludedir='/usr/include'
pdfdir='${docdir}'
prefix='/usr/local'
program_transform_name='s,x,x,'
psdir='${docdir}'
runstatedir='${localstatedir}/run'
sbindir='${exec_prefix}/sbin'
sharedstatedir='${prefix}/com'
sysconfdir='${prefix}/etc'
target_alias=''

## ----------- ##
## confdefs.h. ##
## ----------- ##

/* confdefs.h */
#define PACKAGE_NAME "https-example"
#define PACKAGE_TARNAME "https-example"
#define PACKAGE_VERSION "0.1"
#define PACKAGE_STRING "https-example 0.1"
#define PACKAGE_BUGREPORT "ppelletier@oblong.com"
#define PACKAGE_URL ""
#define STDC_HEADERS 1
#define HAVE_SYS_TYPES_H 1
#define HAVE_SYS_STAT_H 1
#define HAVE_STDLIB_H 1
#define HAVE_STRING_H 1
#define HAVE_MEMORY_H 1
#define HAVE_STRINGS_H 1
#define HAVE_INTTYPES_H 1
#define HAVE_STDINT_H 1
#define HAVE_UNISTD_H 1
#define HAVE_DLFCN_H 1
#define LT_OBJDIR ".libs/"
#define PACKAGE "https-example"
#define VERSION "0.1"

configure: exit 0
